OK
Log started at 18.03.2025	22:14:43
Number of used processors (NPROC): 4.
Number of mesh partitions (NPART): 4.
Total Physical Memory = 7.88 Gb, Available Physical Memory = 1.20 Gb
Computer name:	DESKTOP-COC6VIB
Operating system:	Windows 10 (or higher) (Version 10.0.19045)

SOLIDWORKS 2022 SP1.0
Flow Simulation 2022  x64 / 5482

Project: D:\New Life\Learning SOLIDWORKS\Vertanux1 Simulations\Exercise 3\1\1.xmlconfig
Configuration name: Default
Project name: Flow Sim
Problem type: internal-type
Exclude cavities without flow conditions: ON
NGK: OFF
MBO: OFF
-----------------------------------------------------------------------
Mesher option run = eRunMesherNormal
-----------------------------------------------------------------------

Mesh generation started:	18.3.2025	22:14:43
-----------------------------------------------------------------------
Memory Working Set Current = 19.15 Mb, Memory Working Set Peak = 19.15 Mb
Process Threads Number: 7
-----------------------------------------------------------------------
Mesher adjust APD = OFF; AdjustAPD_method=0; N_per_Channel = 0; N2_per_Channel = 0
Current CPU = 0 sec
-----------------------------------------------------------------------
Geometries initialization:
-----------------------------------------------------------------------
Loading mesh settings (global/local)...
-----------------------------------------------------------------------
Number of geometries from DB: 1
Geometry(0):
	Guid = {00000000-0000-0000-0000-000000000000}
	Fluid..
	1 Body.
	1 Real body.
	-- Bodyset 0 --
		Tolerance=2.96218e-05.
		15 Face(s).
			15 of b-spline type.
		0 Face(s) that have no ref faces
		8 Plane surface(s).
		3 Cylinder surface(s).
		4 Sphere surface(s).
		6746 Triangle(s).
		Getting triangle connectivities from DB: 0.001 s
		22 Edge(s).
			22 of b-spline type.
		BodyGeom reading: 0.010 s.
		6734 Reference Triangles.
		Getting triangle connectivities from DB (Ref): 0.001 s
		BodyGeom Ref reading: 0.001 s.
Geometry(1):
	Solid.
	-- Bodyset 1 --
	Empty
-----------------------------------------------------------------------
Number of geometries in task: 2
Number of bodysets   in task: 2
-----------------------------------------------------------------------
BodySet (0):
	Making hash and connectivity for Bodyset ...
		CBodyGeom:
		Hash size: {20, 24, 32}.
		Mesh size: {20, 6, 8}.
		Hashing triangles...Ok.
			axis(0) tr sizes: average=38 max=256
			axis(1) tr sizes: average=50 max=408
			axis(2) tr sizes: average=49 max=238
		Number of t-connected sets:2 (cavity=1)
		CBodyGeomRef:
		Hashing triangles...Ok.
			axis(0) tr sizes: average=263 max=485
			axis(1) tr sizes: average=159 max=920
			axis(2) tr sizes: average=136 max=545
	0.0458 s.
Geometries reading and preparing has taken 0.065 s.
-----------------------------------------------------------------------
Mapped triangles:
Hashing rough geometry(bodies) triangulation:
BodySet (0):
	Triangles num=6746
	Triangles box={-0.100519 ,0.100519 ,-0.030602 ,0.030602 ,-0.0437702 ,0.0437702}
		3d-hash size is 81968 bytes
BodySet (1):
Empty

Hashing peculiar surfaces triangles:
Surface triangles (0):
	Triangles num=95
	Triangles box={-0.100118 ,-0.100118 ,-0.0313407 ,0.0313419 ,-0.0313415 ,0.0313421}
		3d-hash size is 6088 bytes
Surface triangles (1):
	Triangles num=95
	Triangles box={0.100118 ,0.100118 ,-0.0313407 ,0.0313419 ,-0.0313421 ,0.0313415}
		3d-hash size is 6088 bytes

Mapped triangles processed in 0.083 s.
-----------------------------------------------------------------------
-----------------------------------------------------------------------
Getting sectors:
Number of sectors: 0
-----------------------------------------------------------------------
-----------------------------------------------------------------------

Current CPU = 1 sec
-----------------------------------------------------------------------
Memory Working Set Current = 28.20 Mb, Memory Working Set Peak = 29.08 Mb
Process Threads Number: 10
-----------------------------------------------------------------------
-----------------------------------------------------------------------
Checking faces on CD...
FCD = [0 0 0 0 0 0]
FCD_conflicts = 0
Time (check faces on CD)=0.004 s
-----------------------------------------------------------------------

-----------------------------------------------------------------------
Mesh dimensions:
				I[0 ]=20
				I[1 ]=6
				I[2 ]=8

Comp. domain size:
				a[0  ]=-0.100318
				a[1  ]=0.100318
				a[2  ]=-0.030541
				a[3  ]=0.030541
				a[4  ]=-0.0436828
				a[5  ]=0.0436828

Fluid calculated			1
Solid calculated			0
-----------------------------------------------------------------------
MESH Build started...
-----------------------------------------------------------------------
Mesh LEVEL = 1
-----------------------------------------------------------------------
-----------------------------------------------------------------------
CPT-mode xeps:
	D / dh / eps [axis=0] = (0.200636, 0.00501433, 5.01433e-06)
	D / dh / eps [axis=1] = (0.0610819, 0.00508878, 5.08878e-06)
	D / dh / eps [axis=2] = (0.0873657, 0.0054591, 5.4591e-06)
-----------------------------------------------------------------------
Initial allocation and brick-body-box intersection...OK (0.003 s)
Initial triangle brick intersection...OK (0.000 s)
Setting regions (960 / 960)...OK (0.000 s)
-----------------------------------------------------------------------
Base mesh info:
	3D task
	Nx=20
	Ny=6
	Nz=8
	N(Nx*Ny*Nz) = 120
	Period    axis=[0, 0, 0]
	Symmetry  ni=[0 0 0 0 0 0]
	ZoomingBC ni=[0 0 0 0 0 0]
	Nx=20
		x[0]=-0.100318
		x[1]=-0.0902832
		x[2]=-0.0802514
		x[3]=-0.0702196
		x[4]=-0.0601878
		x[5]=-0.0501559
		x[6]=-0.0401241
		x[7]=-0.0300923
		x[8]=-0.0200605
		x[9]=-0.0100287
		x[10]=3.1506e-06
		x[11]=0.010035
		x[12]=0.0200668
		x[13]=0.0300986
		x[14]=0.0401304
		x[15]=0.0501622
		x[16]=0.0601941
		x[17]=0.0702259
		x[18]=0.0802577
		x[19]=0.0902895
		x[20]=0.100318
	Ny=6
		y[0]=-0.030541
		y[1]=-0.0203579
		y[2]=-0.0101776
		y[3]=2.76655e-06
		y[4]=0.0101831
		y[5]=0.0203634
		y[6]=0.030541
	Nz=8
		z[0]=-0.0436828
		z[1]=-0.0327596
		z[2]=-0.0218389
		z[3]=-0.0109182
		z[4]=2.51401e-06
		z[5]=0.0109232
		z[6]=0.0218439
		z[7]=0.0327647
		z[8]=0.0436828
-----------------------------------------------------------------------
Input_mesh_settings--------------------------------
Settings 0----------------
	Scope: GLOBAL
	Type:	------MESHER_SETTINGS----------
	RefAllCells           =0
	RefFluidCells         =0
	RefPartCells          =0
	RefSolidCells         =0
	l_SSFR(Capture crit)  =1
	l_curv(Curvature crit)=0
	l_tol(Tolerance crit) =0
	UseChannelRef         =1
	  NCR_method          =0
	  l_NCR               =1
	  N_gap               =5
	  Use d_NCR_min       =0
	  Use d_NCR_max       =0
	CloseThinSlotsHeight         =0
	--END_OF_MESHER_SETTINGS-------
End of input mesh settings-------------------------
-----------------------------------------------------------------------
Memory Working Set Current = 28.46 Mb, Memory Working Set Peak = 29.08 Mb
Process Threads Number: 10
-----------------------------------------------------------------------
MMP (msh): locals=1, allc_sz=0.12 MB, used_sz=0.12 MB, blks-min-max=6/6
MMP (brx): locals=4, allc_sz=0.15 MB, used_sz=0.12 MB, blks-min-max=1/4
MMP (bcf): locals=0, allc_sz=0.00 MB, used_sz=0.00 MB, blks-min-max=0/0
MMP (xsl): locals=0, allc_sz=0.00 MB, used_sz=0.00 MB, blks-min-max=0/0
NxNyNz = [20, 6, 8]
base_dx=0.0103776; 
NxNyNz_reverse = [19, 6, 8]

-----------------------------------------------------------------------
Refining geometries:
-----------------------------------------------------------------------

-----------------------------------------------------------------------
Refining by triangulation...
Refinement input: 960 bricks
	Checking crit (960 / 960)...7 marked (0.022 s)
	Time(refinement): 0.000 s
Setting regions (56 / 1009)...OK (0.000 s)
	Checking crit (0 / 1009)...0 marked (0.000 s)
Refinement result: 1009 bricks (0.024 s)
Refinement input: 1009 bricks
	Checking crit (953 / 1009)...0 marked (0.001 s)
Refinement result: 1009 bricks (0.001 s)
Collecting and processing rays:
	Adding rays...OK (0.001 s)
	new bricks = 1009 / 1009
	new rays   = 470 (x=94, y=209, z=167)
	Processing rays...
		Rays process:  0.019 (0.019) s
		Sort xstacks:  0.000 (0.000) s
		Put xstacks:   0.000 (0.000) s
		Total:         0.020 s
	Correcting rays...
		Lame vertices: 0.000 (0.000) s
		Bad rays:      0.000 (0.000) s
		Emit rays:     0.000 (0.000) s
		Correct ray f: 0.000 (0.000) s
		Undef:         0.000 (0.000) s
		Sum:           0.001 (0.001) s
		Total:         0.001 s
	Time (rays): 0.023 s
Capturing (1009 / 1009)...OK (0.001 s)
Refining by triangulation takes 0.049 s
-----------------------------------------------------------------------

-----------------------------------------------------------------------
Refining peculiar surfaces...
0 surfaces refined
Refining peculiar surfaces takes 0 s
-----------------------------------------------------------------------
Collecting and processing rays:
	Adding rays...OK (0.000 s)
	new bricks = 0 / 1009
	new rays   = 0 (x=0, y=0, z=0)
	Processing rays...
		Rays process:  0.000 (0.000) s
		Sort xstacks:  0.000 (0.000) s
		Put xstacks:   0.000 (0.000) s
		Total:         0.000 s
	Correcting rays...
		Total:         0.000 s
	Time (rays): 0.001 s
Capturing (0 / 1009)...OK (0.000 s)

-----------------------------------------------------------------------
Base mesh 1 Refining...
Collecting and processing rays:
	Adding rays...OK (0.000 s)
	new bricks = 0 / 1009
	new rays   = 0 (x=0, y=0, z=0)
	Processing rays...
		Rays process:  0.000 (0.000) s
		Sort xstacks:  0.000 (0.000) s
		Put xstacks:   0.000 (0.000) s
		Total:         0.000 s
	Correcting rays...
		Total:         0.000 s
	Time (rays): 0.001 s
Capturing (0 / 1009)...OK (0.000 s)
Refinement input: 1009 bricks
	Checking crit (953 / 1009)...0 marked (0.000 s)
Refinement result: 1009 bricks (0.002 s)
-----------------------------------------------------------------------
Refining channels...
FYI: CNarrowChannelRefiner::RefineChannels_PRLL
Refinement input: 1009 bricks
	Time(refinement): 0.001 s
Setting regions (4088 / 4586)...OK (0.000 s)
Refinement result: 4586 bricks (0.003 s)
Collecting and processing rays:
	Adding rays...OK (0.002 s)
	new bricks = 4088 / 4586
	new rays   = 837 (x=115, y=356, z=366)
	Processing rays...
		Rays process:  0.009 (0.009) s
		Sort xstacks:  0.000 (0.000) s
		Put xstacks:   0.001 (0.001) s
		Total:         0.011 s
	Correcting rays...
		Lame vertices: 0.004 (0.004) s
		Bad rays:      0.000 (0.000) s
		Emit rays:     0.000 (0.000) s
		Correct ray f: 0.000 (0.000) s
		Undef:         0.000 (0.000) s
		Sum:           0.004 (0.004) s
		Total:         0.004 s
	Time (rays): 0.020 s
Capturing (4088 / 4586)...OK (0.003 s)
FYI: m_iteration_count = 0
FYI: level1 statistics:
     level1_cnt_plus[1]=4088;		level1_cnt_minus[1]=0
     level1_cnt_plus[2]=0;		level1_cnt_minus[2]=0
     level1_cnt_plus[3]=0;		level1_cnt_minus[3]=0
     level1_cnt_plus[4]=0;		level1_cnt_minus[4]=0
     level1_cnt_plus[5]=0;		level1_cnt_minus[5]=0
     level1_cnt_plus[6]=0;		level1_cnt_minus[6]=0
     level1_cnt_plus[7]=0;		level1_cnt_minus[7]=0
     level1_cnt_plus[8]=0;		level1_cnt_minus[8]=0
     level1_cnt_plus[9]=0;		level1_cnt_minus[9]=0
Refinement input: 4586 bricks
	Time(refinement): 0.000 s
Setting regions (112 / 4684)...OK (0.001 s)
Refinement result: 4684 bricks (0.002 s)
Collecting and processing rays:
	Adding rays...OK (0.000 s)
	new bricks = 112 / 4684
	new rays   = 4 (x=0, y=4, z=0)
	Processing rays...
		Rays process:  0.000 (0.000) s
		Sort xstacks:  0.000 (0.000) s
		Put xstacks:   0.000 (0.000) s
		Total:         0.000 s
	Correcting rays...
		Lame vertices: 0.000 (0.000) s
		Bad rays:      0.000 (0.000) s
		Emit rays:     0.000 (0.000) s
		Correct ray f: 0.000 (0.000) s
		Undef:         0.000 (0.000) s
		Sum:           0.000 (0.000) s
		Total:         0.001 s
	Time (rays): 0.002 s
Capturing (112 / 4684)...OK (0.000 s)
FYI: m_iteration_count = 1
FYI: level1 statistics:
     level1_cnt_plus[1]=4200;		level1_cnt_minus[1]=0
     level1_cnt_plus[2]=0;		level1_cnt_minus[2]=0
     level1_cnt_plus[3]=0;		level1_cnt_minus[3]=0
     level1_cnt_plus[4]=0;		level1_cnt_minus[4]=0
     level1_cnt_plus[5]=0;		level1_cnt_minus[5]=0
     level1_cnt_plus[6]=0;		level1_cnt_minus[6]=0
     level1_cnt_plus[7]=0;		level1_cnt_minus[7]=0
     level1_cnt_plus[8]=0;		level1_cnt_minus[8]=0
     level1_cnt_plus[9]=0;		level1_cnt_minus[9]=0
FYI: m_iteration_count = 2
FYI: level1 statistics:
     level1_cnt_plus[1]=4200;		level1_cnt_minus[1]=0
     level1_cnt_plus[2]=0;		level1_cnt_minus[2]=0
     level1_cnt_plus[3]=0;		level1_cnt_minus[3]=0
     level1_cnt_plus[4]=0;		level1_cnt_minus[4]=0
     level1_cnt_plus[5]=0;		level1_cnt_minus[5]=0
     level1_cnt_plus[6]=0;		level1_cnt_minus[6]=0
     level1_cnt_plus[7]=0;		level1_cnt_minus[7]=0
     level1_cnt_plus[8]=0;		level1_cnt_minus[8]=0
     level1_cnt_plus[9]=0;		level1_cnt_minus[9]=0
FYI: level1 statistics:
     level1_cnt_plus[1]=4200;		level1_cnt_minus[1]=0
     level1_cnt_plus[2]=0;		level1_cnt_minus[2]=0
     level1_cnt_plus[3]=0;		level1_cnt_minus[3]=0
     level1_cnt_plus[4]=0;		level1_cnt_minus[4]=0
     level1_cnt_plus[5]=0;		level1_cnt_minus[5]=0
     level1_cnt_plus[6]=0;		level1_cnt_minus[6]=0
     level1_cnt_plus[7]=0;		level1_cnt_minus[7]=0
     level1_cnt_plus[8]=0;		level1_cnt_minus[8]=0
     level1_cnt_plus[9]=0;		level1_cnt_minus[9]=0

-----------------------------------------------------------------------
U-shapes refinement...
Refinement input: 4684 bricks
	Checking crit (428 / 4684)...0 marked (0.001 s)
Refinement result: 4684 bricks (0.001 s)
Collecting and processing rays:
	Adding rays...OK (0.000 s)
	new bricks = 0 / 4684
	new rays   = 0 (x=0, y=0, z=0)
	Processing rays...
		Rays process:  0.000 (0.000) s
		Sort xstacks:  0.000 (0.000) s
		Put xstacks:   0.000 (0.000) s
		Total:         0.000 s
	Correcting rays...
		Total:         0.000 s
	Time (rays): 0.001 s
Capturing (0 / 4684)...OK (0.000 s)
-----------------------------------------------------------------------

-----------------------------------------------------------------------
Equi Distant Refiner:
Equi Distant Refiner takes 0.00 s
-----------------------------------------------------------------------

/-Ray Intersection---------------/ Time	0.088 s
Calls                1311
CorrectRay Calls     0



-----------------------------------------------------------------------
Refining geometries takes 0.219 s
-----------------------------------------------------------------------
-----------------------------------------------------------------------
Memory Working Set Current = 33.28 Mb, Memory Working Set Peak = 35.82 Mb
Process Threads Number: 10
-----------------------------------------------------------------------
Defect ray count	0
FYI: CNarrowChannelRefiner::RedistributeLevel1_step_1: is finished
FYI: level1 statistics:
     level1_cnt_plus[1]=4200;		level1_cnt_minus[1]=0
     level1_cnt_plus[2]=0;		level1_cnt_minus[2]=0
     level1_cnt_plus[3]=0;		level1_cnt_minus[3]=0
     level1_cnt_plus[4]=0;		level1_cnt_minus[4]=0
     level1_cnt_plus[5]=0;		level1_cnt_minus[5]=0
     level1_cnt_plus[6]=0;		level1_cnt_minus[6]=0
     level1_cnt_plus[7]=0;		level1_cnt_minus[7]=0
     level1_cnt_plus[8]=0;		level1_cnt_minus[8]=0
     level1_cnt_plus[9]=0;		level1_cnt_minus[9]=0
FYI: CNarrowChannelRefiner::RedistributeLevel1_step_2: is started
FYI: CNarrowChannelRefiner::RedistributeLevel1_step_2: is finished
FYI: level1 statistics:
     level1_cnt_plus[1]=4256;		level1_cnt_minus[1]=0
     level1_cnt_plus[2]=0;		level1_cnt_minus[2]=0
     level1_cnt_plus[3]=0;		level1_cnt_minus[3]=0
     level1_cnt_plus[4]=0;		level1_cnt_minus[4]=0
     level1_cnt_plus[5]=0;		level1_cnt_minus[5]=0
     level1_cnt_plus[6]=0;		level1_cnt_minus[6]=0
     level1_cnt_plus[7]=0;		level1_cnt_minus[7]=0
     level1_cnt_plus[8]=0;		level1_cnt_minus[8]=0
     level1_cnt_plus[9]=0;		level1_cnt_minus[9]=0
FYI: CNarrowChannelRefiner::RedistributeLevel1_step_3: is started
FYI: CNarrowChannelRefiner::RedistributeLevel1_step_3: is finished
RedistributeLevel1 takes:
FYI: level1 statistics:
     level1_cnt_plus[1]=4256;		level1_cnt_minus[1]=0
     level1_cnt_plus[2]=0;		level1_cnt_minus[2]=0
     level1_cnt_plus[3]=0;		level1_cnt_minus[3]=0
     level1_cnt_plus[4]=0;		level1_cnt_minus[4]=0
     level1_cnt_plus[5]=0;		level1_cnt_minus[5]=0
     level1_cnt_plus[6]=0;		level1_cnt_minus[6]=0
     level1_cnt_plus[7]=0;		level1_cnt_minus[7]=0
     level1_cnt_plus[8]=0;		level1_cnt_minus[8]=0
     level1_cnt_plus[9]=0;		level1_cnt_minus[9]=0
-----------------------------------------------------------------------
MSH format builder (Iteration 0)
-----------------------------------------------------------------------
Memory Working Set Current = 33.92 Mb, Memory Working Set Peak = 36.37 Mb
Process Threads Number: 10
-----------------------------------------------------------------------
Total bricks count: 4684
-----------------------------------------------------------------------
MSH (Real Geometry) format constructor:
	Geom    Count = 2
	Bodyset Count = 2
	3D task
	Getting brick sets...OK (0.000 s)

	Min x-stack xeps = 0.000122042
	D / dh / eps [axis=0] = (0.200636, 0.00501433, 5.01433e-06)
	D / dh / eps [axis=1] = (0.0610819, 0.00508878, 5.08878e-06)
	D / dh / eps [axis=2] = (0.0873657, 0.0054591, 5.4591e-06)
	Time (xeps): 0.001 s
Level 1
	Set (0)  size: 2128
	Set (0)  time: 0.041 s
	Set (1)  size: 2128
	Set (1)  time: 0.033 s
Level 0
	Set (0)  size: 214
	Set (0)  time: 0.002 s
	Set (1)  size: 214
	Set (1)  time: 0.002 s

	Spread npq bricks...0 marked (0.000 s)

Result:
	Bricks number:                        4684

	Memory usage:                         1.171 MB
	Memory usage (per brick):             0.256 KB
	Construction time:                    0.081 s

	Topology features:
	------------------
	- High quality bricks                  100.00 % (4684)
	- Medium quality bricks                  0.00 % (0)
	- Bad quality bricks                     0.00 % (0)
	- NPQ bricks                             0.00 % (0)
	- Type-1 bricks                         41.76 % (1956)
	- Ribs corrected bricks                  0.00 % (0)
	- Points with geom-info (bricks)         0.00 % (0)
	- Points with closest-info (bricks)      0.00 % (0)
	- Triangulated by center (bricks)        0.00 % (0)
	- Facet w-faces mergings (bricks)        0.00 % (0)
	- To refine (bricks)                     0.00 % (0)
	- Points-count                           0.00 % (0)
	- T-self-intersection-all (bricks)       0.00 % (0)
	- T-self-intersection-simple (bricks)    0.00 % (0)
	- T-self-intersection-complex (bricks)   0.00 % (0)
	- NPQ by reason 1 u-shape                0.00 % (0)
	- NPQ by reason 2 tri-by-ctr             0.00 % (0)
	- NPQ by reason 3 ray-correction         0.00 % (0)
	- NPQ by reason 4 t-self-intersection    0.00 % (0)
	- NPQ by reason 5 non-good               0.00 % (0)
	- NPQ by reason 6 npq-worker             0.00 % (0)

-----------------------------------------------------------------------
Memory Working Set Current = 36.74 Mb, Memory Working Set Peak = 36.74 Mb
Process Threads Number: 10
-----------------------------------------------------------------------
-----------------------------------------------------------------------
msh-iterations: 1
-----------------------------------------------------------------------
high---q-brick-count = 100.00 % (4684 4684)
medium-q-brick-count =   0.00 % (4684 0)
bad----q-brick-count =   0.00 % (4684 0)
np-----q-brick-count =   0.00 % (4684 0)
-----------------------------------------------------------------------
Free brick parser storage...OK(0.001 s)
-----------------------------------------------------------------------
Memory Working Set Current = 36.77 Mb, Memory Working Set Peak = 37.22 Mb
Process Threads Number: 10
-----------------------------------------------------------------------
-----------------------------------------------------------------------
MSH --> BCF format (Iteration 0)...
BCF collector...(remove mode=0)
	Time (alloc counter per brick): 0.000 s
	Brick    count: 4684
	Av.f all count: 3426
	Av.s all count: 3222
	Av.f pid count: 1964
	Av.s pid count: 1956
	Faces fs count: 3684
	Faces ff count: 0
	Faces ss count: 0
	Faces bb count: 0
	Faces fe count: 0
	Faces se count: 1460
	Faces fw count: 5144
	Faces af count: 9406
	Faces as count: 8600
	Time (all count): 	0.002 s
	Time (bcf alloc): 	0.001 s
	Time (shifts alloc): 	0.001 s
	Time (shifts init): 	0.001 s
	Time (bcf fill): 	0.003 s
	Time (add av to faces): 0.000 s
	Time (add faces to av): 0.002 s
Time (bcf collect): 		0.010 s
	AV checker...
	Time (check av): 	0.004 s
	Subdomain checker...
		Subdomains construction time: 0.000 s.
		Subdomains sort time: 0.000 s.
			Subdomain 0 (geom_ind=0): 3426 av
			Subdomain 1 (geom_ind=1): 3222 av
		gi: 0, real bodies: 1
		gi: 0, subdomains:  1
		gi: 1, real bodies: 0
		gi: 1, subdomains:  1
		Defect subdomains: 0
	Time (check subdoms): 	0.001 s
Time (bcf iteration total): 	0.015 s
	Time (fw-nb): 		0.001 s
	Fixed mutual fw-nb:     1884 (bb: 0)
	Time (fw-nb mutual): 	0.001 s
	Time (fw-nb sort): 	0.000 s
	Fw-opt BEFORE total:    5144 (fs=3684, ff=0, ss=0)
	Fw-opt AFTER  total:    3682 (fs=2222, ff=0, ss=0, failed fw/br=0/0, big_curv=7, big_poly=0)
	Fw-opt RESULT:          1462 (res/(fs+ff+ss) = 39.69 %)
	Time (fw-opt): 		0.003 s
	Time (fw-re-order): 	0.000 s
	Time (fw-nb): 		0.003 s
	Fixed mutual fw-nb:     7454 (bb: 0)
	Time (fw-nb mutual): 	0.001 s
	Time (fw-nb sort): 	0.000 s
	Time (rfd fix): 	0.000 s
	Time (av convexity): 	0.002 s
	Time (av small volume): 0.001 s
	Time (diagonal fw-nb): 	0.007 s
	Fixed mutual fw-nb:     0 (bb: 0)
	Time (fw-nb mutual): 	0.000 s
	Time (fw-nb sort): 	0.000 s
	Fluid subdomains: 1
	Faces fw-nb diff sd:    0
	Time (fw-nb diff sd): 	0.001 s
Time (bcf calc): 		0.023 s
-----------------------------------------------------------------------
Time (bcf total): 		0.039 s
-----------------------------------------------------------------------
-----------------------------------------------------------------------
Mega-cv constructor for fluid...
	 0 av's is treated as thin
Relative size generator (threshold = 0.05)...
	Iteration 1 (small cluster count = 196)
	Iteration 2 (small cluster count = 84)
	Iteration 3 (small cluster count = 15)
	Iteration 4 (small cluster count = 0)
	 196 mega-cv's generated
	 0 mega-cv's removed
Relative size generator is completed OK (0.002 s)
Apply fa-rules to mega-cv clusters fixes...
OK (0.000 s)
Convert clusters:
	 196 mega-cv's total
Mega-cv count: 196
Time (mega-cv fill): 	0.001 s
Time (mega-cv total): 	0.005 s
-----------------------------------------------------------------------
Mixing plane rotation regions: NO.
Sliding mesh rotation regions: NO.
Fluid/fluid faces: NO.
-----------------------------------------------------------------------
Memory Working Set Current = 40.73 Mb, Memory Working Set Peak = 40.73 Mb
Process Threads Number: 10
-----------------------------------------------------------------------
----------------------------------------------------------
BCF --> BCF.GEOMSUBDOM (bridge arrays):
MESH (0):
	Fluid Subdom Constructor: 1 subdom(s).
	Solid Subdom Constructor: 1 subdom(s).
	Net Asm Subdom Constructor: 0 subdom(s).
	GEOMSUBDOM (0): gi=0 fluid av=3426 cv=3230 fa=9406 fb=0 fw=2222 V=4.198835e-04
	Cache data...OK
	GEOMSUBDOM (1): gi=1 solid av=3222 cv=3222 fa=8600 fb=0 fw=3682 V=6.508053e-04
	Cache data...OK
	Setting nb of w-faces...OK (0.001 s).
	Correcting nb of w-faces...
	Time(correct_fw_nb)=0.001 s

MESH (0) checking:
	GEOMSUBDOM (0):fa_s=0.2134095748620171 fb_s=0.0000000000000000 fw_s=0.0443689849935848 fw_nb=17814
	              :d_const(1)=5.63894e-15 d_linear(2621)=1.73605e-14
	GEOMSUBDOM (1):fa_s=0.2331741846339671 fb_s=0.0000000000000000 fw_s=0.1146098908501523 fw_nb=23826
	              :d_const(2594)=3.61286e-15 d_linear(982)=2.24301e-12
MESH (0) checking: OK.
Time (MDS): 	0.012 s
----------------------------------------------------------
-----------------------------------------------------------------------
Memory Working Set Current = 42.24 Mb, Memory Working Set Peak = 42.24 Mb
Process Threads Number: 10
-----------------------------------------------------------------------

-----------------------------------------------------------------------
BCF CHECKSUM DATA (Mesh 0):

BRICK |Level1| Sum:               4256
FACE_A Area Sum:   G.Fluid        0.2134095748620171
FACE_A Area Sum:   G.Solid        0.2331741846339671
FACE_W Area Sum:                  0.1146098908501523
FACE_W Nb   Sum:                  23826
FACE_W min curvatures sum:        -64530.12850285
FACE_W max curvatures sum:        1809.84962654
AV Max Disbalance(Const) :        1.20486e-14 (cid=822, t={2, 0, 4}, avid=444, pid=353)
AV Max Disbalance(Linear):        3.29279e-12 (cid=1998, t={30, 7, 6}, avid=1433, pid=829)
-----------------------------------------------------------------------


-----------------------------------------------------------------------
MESHER TOPOLOGY DATA:

BRICKS: Total                 4684
BRICKS: Fluid                 3418
BRICKS: Fluid Partial         1956
BRICKS: Type 1                1956
BRICKS: Max AV number         3

AV:     G.Total               6648
AV:     G.Fluid               3426
AV:     G.Solid               3222

AV:     G.Fluid Thin Profile    0.00 % (0)
AV:     G.Solid Thin Profile    0.25 % (8)

AV:     G.Fluid Thin For Mega   0.00 % (0)
AV:     G.Solid Thin For Mega   0.25 % (8)

AV:     G.Fluid Non-Convex     17.86 % (612)
AV:     G.Solid Non-Convex     19.62 % (632)

AV:     G.Fluid Non-Ess-Convex      1.75 % (60)
AV:     G.Solid Non-Ess-Convex      5.71 % (184)

FACE_A: G.Fluid          (af) 9406 (partially opened 3946)
FACE_A: G.Solid          (as) 8600 (partially opened 3932)

FACE_B: G.Total          (b)  0

FACE_W: G.Total                 3682        Brick/Bound
FACE_W: G.Fluid/Solid    (fs_g) 2222        0           
FACE_W: G.Fluid/Fluid    (ff_g) 0           0           
FACE_W: G.Solid/Solid    (ss_g) 0           0           
FACE_W: G.Fluid/External (fe_g) 0
FACE_W: G.Solid/External (se_g) 1460

AV/CV max fa count (on brick side):4
AV/CV max fw count:                4
AV/CV max fb count:                0
AV/CV max fw poly count:           12

MEMORY: Total                   2.324 MB
MEMORY: Per Brick               0.508 KB
-----------------------------------------------------------------------

-----------------------------------------------------------------------
Connectivities information:
	Number of conns: 0
-----------------------------------------------------------------------
	Time (gap size): 	0.010 s
-----------------------------------------------------------------------
Memory Working Set Current = 42.29 Mb, Memory Working Set Peak = 42.72 Mb
Process Threads Number: 10
-----------------------------------------------------------------------
-----------------------------------------------------------------------
Calculating curvature and tolerance criteria...
Curvature: min=0 (cid=0) max=3.12935 (cid=841)
Tolerance: min=0 (cid=0) max=0.00677212 (cid=433)
Calculating curvature and tolerance criteria takes 0.031 s
-----------------------------------------------------------------------
MESH Build(FS) finished. Time=0.576 s
-----------------------------------------------------------------------
Current CPU = 1 sec

Nx=20
Ny=6
Nz=8
Max BRICK Level=1
Mesh Level=1
-----------------CModelBodies2MeshMapper::CollectData started -------------------------------
	Time (collect mesh base data): 0.002 s.
	Time (collect model bodies mapping): 0.000 s.
	Time (collect positive bodies mapping): 0.000 s.
	Time (collect fluid bodies mapping): 0.001 s.
-----------------CModelBodies2MeshMapper Report -------------------------------
FluidDomains 1 SolidDomains 1 VoidDomains 0 
Domains RefIndexes
----------------- -------------------------------
	ModelBodies
Total resolved Bodies 0 BodySets 0

--------------------------------------------------------------------------
	Positive geometry Bodies
Total resolved Bodies 1 BodySets 1
BodySet 0
	Bodies list:
			#0	Name: ;	ID: 86a31dc2-2649-465f-b6cc-367c552a97ee
	Domains list:		 0 

--------------------------------------------------------------------------
	Fluid regions
Total resolved Bodies 1 BodySets 1
BodySet 0	Material: Water; 
	Bodies list:
			#0	Name: ;	ID: 86a31dc2-2649-465f-b6cc-367c552a97ee
	Domains list:		 0 

--------------------------------------------------------------------------
Collect data takes...0.004 s
-----------------CModelBodies2MeshMapper::CollectData finished successfully-------------------
Saving initial mesh in: D:\New Life\Learning SOLIDWORKS\Vertanux1 Simulations\Exercise 3\1\1.fld .
Storing results...
	Estimated CPT size=1.190 MB.
	Time (write bcf): 0.057 s
Storing results takes 0.062 s
-----------------------------------------------------------------------
Memory Working Set Current = 42.84 Mb, Memory Working Set Peak = 42.84 Mb
Process Threads Number: 10
-----------------------------------------------------------------------
Cleaning memory...
-----------------------------------------------------------------------
Start to free mesher data...
MMP (msh): locals=4, allc_sz=0.77 MB, used_sz=0.64 MB, blks-min-max=2/10
MMP (brx): locals=4, allc_sz=2.64 MB, used_sz=2.42 MB, blks-min-max=11/13
MMP (bcf): locals=4, allc_sz=4.12 MB, used_sz=3.92 MB, blks-min-max=10/44
MMP (xsl): locals=4, allc_sz=0.20 MB, used_sz=0.17 MB, blks-min-max=2/3
Free xsl...            OK	Time=0.000 s
Free ray collector...  OK	Time=0.000 s
Free ray intersector...OK	Time=0.000 s
Free body sets...      OK	Time=0.002 s
Free Geometry DB takes 0.000 s
Free mesh conn...      OK	Time=0.000 s
Free geomsd...         OK	Time=0.000 s
Free mbricks...        OK	Time=0.000 s
Free hash info...      OK	Time=0.000 s
Free bricks-x...       OK	Time=0.000 s
Free bcf...            OK	Time=0.001 s
Free mesh h...         OK	Time=0.000 s
Free bricks arr..      OK	Time=0.000 s
Free bricks tree...    OK	Time=0.000 s
Free mesh pools...     OK	Time=0.001 s
Free bodies mapper...  OK	Time=0.000 s
Free geom crits...     OK	Time=0.000 s
Free cpt regions...    OK	Time=0.000 s
Free peculiar surfs... OK	Time=0.000 s
Free sw-geometries...  OK	Time=0.000 s
Total free mesher data time: 0.007 s
-----------------------------------------------------------------------
Copying... OK
Mesh generation normally finished at	18.3.2025	22:14:44
Mesher CPU = 1 sec
Mesher is finished at	18.3.2025	22:14:44
-----------------------------------------------------------------------
Memory Working Set Current = 29.17 Mb, Memory Working Set Peak = 43.32 Mb
Process Threads Number: 10
-----------------------------------------------------------------------
Algebra Pool      : mem_usage = 0.19 Mb, allocated count = 0
-----------------------------------------------------------------------
Memory Working Set Current = 29.05 Mb, Memory Working Set Peak = 43.32 Mb
Process Threads Number: 10
-----------------------------------------------------------------------
Log ended at 18.03.2025	22:14:44
